{
  "stats": {
    "suites": 1,
    "tests": 1,
    "passes": 1,
    "pending": 0,
    "failures": 0,
    "start": "2023-10-13T06:44:32.510Z",
    "end": "2023-10-13T06:44:32.526Z",
    "duration": 16,
    "testsRegistered": 1,
    "passPercent": 100,
    "pendingPercent": 0,
    "other": 0,
    "hasOther": false,
    "skipped": 0,
    "hasSkipped": false
  },
  "results": [
    {
      "uuid": "31bba19e-2758-471c-846c-2943d379a722",
      "title": "",
      "fullFile": "",
      "file": "",
      "beforeHooks": [],
      "afterHooks": [],
      "tests": [],
      "suites": [
        {
          "uuid": "dbc5e736-23cc-49f8-be0b-9c45f5bdfa9b",
          "title": "User Routes",
          "fullFile": "/Users/himanshudangwal/Desktop/NS Backend/Backend Dummy Project/CRUD in mongoDB/__tests__/test.js",
          "file": "/__tests__/test.js",
          "beforeHooks": [],
          "afterHooks": [],
          "tests": [
            {
              "title": "should return success message",
              "fullTitle": "User Routes should return success message",
              "timedOut": false,
              "duration": 14,
              "state": "passed",
              "speed": "fast",
              "pass": true,
              "fail": false,
              "pending": false,
              "context": null,
              "code": "try {\n    const res = await chai.request(app).get('/api/user')\n    expect(res.body.message).to.equal(\"Success\")\n} catch (error) {\n    console.error(\"Error in test: \",error);\n    throw error\n}",
              "err": {},
              "uuid": "7ae07f54-5a56-4911-b679-6296794958e7",
              "parentUUID": "dbc5e736-23cc-49f8-be0b-9c45f5bdfa9b",
              "isHook": false,
              "skipped": false
            }
          ],
          "suites": [],
          "passes": [
            "7ae07f54-5a56-4911-b679-6296794958e7"
          ],
          "failures": [],
          "pending": [],
          "skipped": [],
          "duration": 14,
          "root": false,
          "rootEmpty": false,
          "_timeout": 60000
        }
      ],
      "passes": [],
      "failures": [],
      "pending": [],
      "skipped": [],
      "duration": 0,
      "root": true,
      "rootEmpty": true,
      "_timeout": 60000
    }
  ],
  "meta": {
    "mocha": {
      "version": "8.4.0"
    },
    "mochawesome": {
      "options": {
        "quiet": false,
        "reportFilename": "mochawesome",
        "saveHtml": true,
        "saveJson": true,
        "consoleReporter": "spec",
        "useInlineDiffs": false,
        "code": true
      },
      "version": "6.3.1"
    },
    "marge": {
      "options": null,
      "version": "5.2.0"
    }
  }
}